Arguments: 
  /usr/bin/node /usr/share/yarn/bin/yarn.js

PATH: 
  /usr/local/sbin:/usr/local/bin:/usr/sbin:/usr/bin:/sbin:/bin:/usr/games:/usr/local/games:/snap/bin:/snap/bin

Yarn version: 
  1.22.19

Node version: 
  18.13.0

Platform: 
  linux x64

Trace: 
  SyntaxError: /home/hobson007breno/Documentos/Projetos/Magalu/Testes/Conta PJ/regressivo/ib/front/package.json: Unexpected token { in JSON at position 111
      at JSON.parse (<anonymous>)
      at /usr/share/yarn/lib/cli.js:1629:59
      at Generator.next (<anonymous>)
      at step (/usr/share/yarn/lib/cli.js:310:30)
      at /usr/share/yarn/lib/cli.js:321:13

npm manifest: 
  {
    "scripts": {
      "cypress:open": "cypress open"
    },
    "devDependencies": {
      "cypress": "^13.1.0"
    }
  }
  {
    "name": "automacao-Ib",
    "version": "1.0.0",
    "description": "Automação fluxos principais Ib",
    "main": "index.js",
    "scripts": {
      "cypress:open": "cypress open",
      "pretest": "rm -rf cypress/screenshots cypress/videos",
      "test": "cypress run",
      "tag:smoke": "cypress run --env tags='@smoke'",
      "lint:eslint": "eslint .",
      "lint:tsc": "tsc --noEmit",
      "lint": "npm run lint:eslint; npm run lint:tsc",
      "lint:fix": "npm run lint:eslint -- --fix"
    },
    "keywords": [
      "BDD",
      "cucumber",
      "cypress",
      "qa",
      "testing",
      "typescript"
    ],
    "license": "MIT",
    "dependencies": {
      "@badeball/cypress-cucumber-preprocessor": "^16.0.3",
      "@bahmutov/cypress-esbuild-preprocessor": "^2.2.0",
      "@cypress/browserify-preprocessor": "^3.0.2",
      "cypress": "^12.8.1"
    },
    "devDependencies": {
      "@types/node": "^18.15.7",
      "@types/prettier": "^2.7.3",
      "@typescript-eslint/eslint-plugin": "^5.56.0",
      "@typescript-eslint/parser": "^5.56.0",
      "cypress-file-upload": "^5.0.8",
      "cypress-iframe": "^1.0.1",
      "eslint": "^8.36.0",
      "eslint-config-standard": "^17.0.0",
      "eslint-plugin-import": "^2.27.5",
      "eslint-plugin-jsonc": "^2.7.0",
      "eslint-plugin-n": "^15.6.1",
      "eslint-plugin-node": "^11.1.0",
      "eslint-plugin-promise": "^6.1.1",
      "typescript": "^5.0.2"
    },
    "cypress-cucumber-preprocessor": {
      "nonGlobalStepDefinitions": false,
      "stepDefinitions": [
        "cypress/e2e/steps/**/*.ts"
      ],
      "html": {
        "enabled": true
      }
    }
  }

yarn manifest: 
  No manifest

Lockfile: 
  No lockfile
